Trial status: 10 TERMINATED
Current time: 2025-04-18 03:30:09. Total running time: 7min 22s
Logical resource usage: 2.0/16 CPUs, 1.0/1 GPUs (0.0/1.0 accelerator_type:T4)
╭────────────────────────────────────────────────────────────────────────────────────────────────────────────────────────────────────────────────────────────────────────────────────────────────────╮
│ Trial name                    status         hidden_channels     dropout            lr     weight_decay     batch_size     focal_alpha     focal_gamma     iter     total time (s)     val_roc_auc │
├────────────────────────────────────────────────────────────────────────────────────────────────────────────────────────────────────────────────────────────────────────────────────────────────────┤
│ train_with_tune_66411_00000   TERMINATED                  64   0.229394    0.000532854      1.34743e-05             64        0.275672        2.28928        15            50.5924        0.61305  │
│ train_with_tune_66411_00001   TERMINATED                 256   0.427646    0.0031975        0.000108378            128        0.560917        3.8075         15            48.7898        0.6194   │
│ train_with_tune_66411_00002   TERMINATED                 256   0.449175    0.00223055       0.00071816             128        0.247373        1.66668         5            16.6035        0.597208 │
│ train_with_tune_66411_00003   TERMINATED                 128   0.482499    0.000133231      3.09118e-06            128        0.460545        3.97742         5            16.2889        0.566361 │
│ train_with_tune_66411_00004   TERMINATED                 256   0.441691    0.000304703      6.02391e-06            128        0.156065        3.56304        15            47.6587        0.600963 │
│ train_with_tune_66411_00005   TERMINATED                  64   0.12271     0.000520979      7.57084e-06             64        0.917911        0.524836       15            48.9237        0.612761 │
│ train_with_tune_66411_00006   TERMINATED                  64   0.311762    0.000227407      7.11661e-06            128        0.202212        2.56273         5            15.9758        0.59144  │
│ train_with_tune_66411_00007   TERMINATED                  64   0.143852    0.000863819      1.20135e-06            128        0.908563        2.47042        15            46.2837        0.594216 │
│ train_with_tune_66411_00008   TERMINATED                 256   0.0711372   0.00290809       1.2303e-06              64        0.992137        2.3092         15            49.5088        0.643717 │
│ train_with_tune_66411_00009   TERMINATED                 128   0.417017    0.00387876       1.62469e-05            128        0.736836        0.619448       15            46.0075        0.622826 │
╰────────────────────────────────────────────────────────────────────────────────────────────────────────────────────────────────────────────────────────────────────────────────────────────────────╯

Epoch 001 | loss 0.1834 | acc 0.5476 | val‑AUC 0.5942
Validation metric improved. Saving model to best_model.pth
Epoch 002 | loss 0.1590 | acc 0.5202 | val‑AUC 0.6185
Validation metric improved. Saving model to best_model.pth
Epoch 003 | loss 0.1372 | acc 0.5952 | val‑AUC 0.6079
EarlyStopping counter: 1 out of 15
Epoch 004 | loss 0.1379 | acc 0.5667 | val‑AUC 0.6182
EarlyStopping counter: 2 out of 15
Epoch 005 | loss 0.1386 | acc 0.5869 | val‑AUC 0.6265
Validation metric improved. Saving model to best_model.pth
Epoch 006 | loss 0.1352 | acc 0.5982 | val‑AUC 0.6212
EarlyStopping counter: 1 out of 15
Epoch 007 | loss 0.1373 | acc 0.5875 | val‑AUC 0.6288
Validation metric improved. Saving model to best_model.pth
Epoch 008 | loss 0.1385 | acc 0.5518 | val‑AUC 0.6329
Validation metric improved. Saving model to best_model.pth
Epoch 009 | loss 0.1371 | acc 0.5667 | val‑AUC 0.6341
Validation metric improved. Saving model to best_model.pth
Epoch 010 | loss 0.1353 | acc 0.5964 | val‑AUC 0.6217
EarlyStopping counter: 1 out of 15
Epoch 011 | loss 0.1395 | acc 0.5804 | val‑AUC 0.6441
Validation metric improved. Saving model to best_model.pth
Epoch 012 | loss 0.1345 | acc 0.6095 | val‑AUC 0.6470
Validation metric improved. Saving model to best_model.pth
Epoch 013 | loss 0.1358 | acc 0.6054 | val‑AUC 0.6423
EarlyStopping counter: 1 out of 15
Epoch 014 | loss 0.1355 | acc 0.6161 | val‑AUC 0.6499
Validation metric improved. Saving model to best_model.pth
Epoch 015 | loss 0.1378 | acc 0.5625 | val‑AUC 0.6416
EarlyStopping counter: 1 out of 15
Epoch 016 | loss 0.1365 | acc 0.5768 | val‑AUC 0.6524
Validation metric improved. Saving model to best_model.pth
Epoch 017 | loss 0.1359 | acc 0.5958 | val‑AUC 0.6401
EarlyStopping counter: 1 out of 15
Epoch 018 | loss 0.1353 | acc 0.6107 | val‑AUC 0.6492
EarlyStopping counter: 2 out of 15
Epoch 019 | loss 0.1342 | acc 0.6107 | val‑AUC 0.6636
Validation metric improved. Saving model to best_model.pth
Epoch 020 | loss 0.1330 | acc 0.6095 | val‑AUC 0.6728
Validation metric improved. Saving model to best_model.pth
Epoch 021 | loss 0.1351 | acc 0.5911 | val‑AUC 0.6512
EarlyStopping counter: 1 out of 15
Epoch 022 | loss 0.1345 | acc 0.6125 | val‑AUC 0.6595
EarlyStopping counter: 2 out of 15
Epoch 023 | loss 0.1342 | acc 0.6196 | val‑AUC 0.6727
EarlyStopping counter: 3 out of 15
Epoch 024 | loss 0.1336 | acc 0.6202 | val‑AUC 0.6762
Validation metric improved. Saving model to best_model.pth
Epoch 025 | loss 0.1323 | acc 0.6321 | val‑AUC 0.6665
EarlyStopping counter: 1 out of 15
Epoch 026 | loss 0.1324 | acc 0.6185 | val‑AUC 0.6921
Validation metric improved. Saving model to best_model.pth
Epoch 027 | loss 0.1324 | acc 0.6435 | val‑AUC 0.7020
Validation metric improved. Saving model to best_model.pth
Epoch 028 | loss 0.1326 | acc 0.6214 | val‑AUC 0.7004
EarlyStopping counter: 1 out of 15
Epoch 029 | loss 0.1332 | acc 0.5970 | val‑AUC 0.7105
Validation metric improved. Saving model to best_model.pth
Epoch 030 | loss 0.1301 | acc 0.6351 | val‑AUC 0.7012
EarlyStopping counter: 1 out of 15
Epoch 031 | loss 0.1317 | acc 0.6185 | val‑AUC 0.7071
EarlyStopping counter: 2 out of 15
Epoch 032 | loss 0.1316 | acc 0.6321 | val‑AUC 0.7182
Validation metric improved. Saving model to best_model.pth
Epoch 033 | loss 0.1284 | acc 0.6512 | val‑AUC 0.7116
EarlyStopping counter: 1 out of 15
Epoch 034 | loss 0.1306 | acc 0.6345 | val‑AUC 0.7271
Validation metric improved. Saving model to best_model.pth
Epoch 035 | loss 0.1287 | acc 0.6452 | val‑AUC 0.7324
Validation metric improved. Saving model to best_model.pth
Epoch 036 | loss 0.1300 | acc 0.6369 | val‑AUC 0.7259
EarlyStopping counter: 1 out of 15
Epoch 037 | loss 0.1258 | acc 0.6690 | val‑AUC 0.7167
EarlyStopping counter: 2 out of 15
Epoch 038 | loss 0.1263 | acc 0.6530 | val‑AUC 0.7118
EarlyStopping counter: 3 out of 15
Epoch 039 | loss 0.1281 | acc 0.6214 | val‑AUC 0.7090
EarlyStopping counter: 4 out of 15
Epoch 040 | loss 0.1270 | acc 0.6440 | val‑AUC 0.7222
EarlyStopping counter: 5 out of 15
Epoch 041 | loss 0.1271 | acc 0.6536 | val‑AUC 0.7361
Validation metric improved. Saving model to best_model.pth
Epoch 042 | loss 0.1275 | acc 0.6649 | val‑AUC 0.7313
EarlyStopping counter: 1 out of 15
Epoch 043 | loss 0.1241 | acc 0.6762 | val‑AUC 0.7434
Validation metric improved. Saving model to best_model.pth
Epoch 044 | loss 0.1240 | acc 0.6708 | val‑AUC 0.7464
Validation metric improved. Saving model to best_model.pth
Epoch 045 | loss 0.1252 | acc 0.6655 | val‑AUC 0.7353
EarlyStopping counter: 1 out of 15
Epoch 046 | loss 0.1232 | acc 0.6768 | val‑AUC 0.7261
EarlyStopping counter: 2 out of 15
Epoch 047 | loss 0.1258 | acc 0.6768 | val‑AUC 0.7054
EarlyStopping counter: 3 out of 15
Epoch 048 | loss 0.1291 | acc 0.6518 | val‑AUC 0.7309
EarlyStopping counter: 4 out of 15
Epoch 049 | loss 0.1243 | acc 0.6732 | val‑AUC 0.7240
EarlyStopping counter: 5 out of 15
Epoch 050 | loss 0.1228 | acc 0.6702 | val‑AUC 0.7446
EarlyStopping counter: 6 out of 15
Epoch 051 | loss 0.1215 | acc 0.6738 | val‑AUC 0.7183
EarlyStopping counter: 7 out of 15
Epoch 052 | loss 0.1205 | acc 0.6738 | val‑AUC 0.7491
Validation metric improved. Saving model to best_model.pth
Epoch 053 | loss 0.1227 | acc 0.6792 | val‑AUC 0.7358
EarlyStopping counter: 1 out of 15
Epoch 054 | loss 0.1225 | acc 0.6714 | val‑AUC 0.7396
EarlyStopping counter: 2 out of 15
Epoch 055 | loss 0.1199 | acc 0.7000 | val‑AUC 0.7497
Validation metric improved. Saving model to best_model.pth
Epoch 056 | loss 0.1188 | acc 0.6917 | val‑AUC 0.7271
EarlyStopping counter: 1 out of 15
Epoch 057 | loss 0.1203 | acc 0.6887 | val‑AUC 0.7393
EarlyStopping counter: 2 out of 15
Epoch 058 | loss 0.1178 | acc 0.7077 | val‑AUC 0.7430
EarlyStopping counter: 3 out of 15
Epoch 059 | loss 0.1202 | acc 0.6899 | val‑AUC 0.7352
EarlyStopping counter: 4 out of 15
Epoch 060 | loss 0.1220 | acc 0.6804 | val‑AUC 0.7209
EarlyStopping counter: 5 out of 15
Epoch 061 | loss 0.1175 | acc 0.7054 | val‑AUC 0.7232
EarlyStopping counter: 6 out of 15
Epoch 062 | loss 0.1159 | acc 0.6994 | val‑AUC 0.7330
EarlyStopping counter: 7 out of 15
Epoch 063 | loss 0.1172 | acc 0.6887 | val‑AUC 0.7405
EarlyStopping counter: 8 out of 15
Epoch 064 | loss 0.1139 | acc 0.7077 | val‑AUC 0.7456
EarlyStopping counter: 9 out of 15
Epoch 065 | loss 0.1131 | acc 0.7125 | val‑AUC 0.7487
EarlyStopping counter: 10 out of 15
Epoch 066 | loss 0.1175 | acc 0.7042 | val‑AUC 0.7554
Validation metric improved. Saving model to best_model.pth
Epoch 067 | loss 0.1166 | acc 0.7131 | val‑AUC 0.7550
EarlyStopping counter: 1 out of 15
Epoch 068 | loss 0.1150 | acc 0.7048 | val‑AUC 0.7370
EarlyStopping counter: 2 out of 15
Epoch 069 | loss 0.1131 | acc 0.7137 | val‑AUC 0.7512
EarlyStopping counter: 3 out of 15
Epoch 070 | loss 0.1156 | acc 0.7012 | val‑AUC 0.7516
EarlyStopping counter: 4 out of 15
Epoch 071 | loss 0.1135 | acc 0.7131 | val‑AUC 0.7451
EarlyStopping counter: 5 out of 15
Epoch 072 | loss 0.1112 | acc 0.7149 | val‑AUC 0.7445
EarlyStopping counter: 6 out of 15
Epoch 073 | loss 0.1121 | acc 0.7262 | val‑AUC 0.7381
EarlyStopping counter: 7 out of 15
Epoch 074 | loss 0.1113 | acc 0.7250 | val‑AUC 0.7346
EarlyStopping counter: 8 out of 15
Epoch 075 | loss 0.1130 | acc 0.7244 | val‑AUC 0.7375
EarlyStopping counter: 9 out of 15
Epoch 076 | loss 0.1121 | acc 0.7196 | val‑AUC 0.7488
EarlyStopping counter: 10 out of 15
Epoch 077 | loss 0.1111 | acc 0.7256 | val‑AUC 0.7513
EarlyStopping counter: 11 out of 15
Epoch 078 | loss 0.1097 | acc 0.7232 | val‑AUC 0.7501
EarlyStopping counter: 12 out of 15
Epoch 079 | loss 0.1082 | acc 0.7327 | val‑AUC 0.7577
Validation metric improved. Saving model to best_model.pth
Epoch 080 | loss 0.1089 | acc 0.7244 | val‑AUC 0.7418
EarlyStopping counter: 1 out of 15
Epoch 081 | loss 0.1086 | acc 0.7274 | val‑AUC 0.7505
EarlyStopping counter: 2 out of 15
Epoch 082 | loss 0.1106 | acc 0.7327 | val‑AUC 0.7294
EarlyStopping counter: 3 out of 15
Epoch 083 | loss 0.1080 | acc 0.7268 | val‑AUC 0.7557
EarlyStopping counter: 4 out of 15
Epoch 084 | loss 0.1068 | acc 0.7387 | val‑AUC 0.7407
EarlyStopping counter: 5 out of 15
Epoch 085 | loss 0.1037 | acc 0.7363 | val‑AUC 0.7394
EarlyStopping counter: 6 out of 15
Epoch 086 | loss 0.1110 | acc 0.7262 | val‑AUC 0.7380
EarlyStopping counter: 7 out of 15
Epoch 087 | loss 0.1092 | acc 0.7226 | val‑AUC 0.7417
EarlyStopping counter: 8 out of 15
Epoch 088 | loss 0.1120 | acc 0.7095 | val‑AUC 0.7477
EarlyStopping counter: 9 out of 15
Epoch 089 | loss 0.1044 | acc 0.7411 | val‑AUC 0.7413
EarlyStopping counter: 10 out of 15
Epoch 090 | loss 0.1066 | acc 0.7381 | val‑AUC 0.7417
EarlyStopping counter: 11 out of 15
Epoch 091 | loss 0.1060 | acc 0.7423 | val‑AUC 0.7366
EarlyStopping counter: 12 out of 15
Epoch 092 | loss 0.1014 | acc 0.7512 | val‑AUC 0.7513
EarlyStopping counter: 13 out of 15
Epoch 093 | loss 0.1017 | acc 0.7446 | val‑AUC 0.7453
EarlyStopping counter: 14 out of 15
Epoch 094 | loss 0.1085 | acc 0.7351 | val‑AUC 0.7502
EarlyStopping counter: 15 out of 15
Early‑stopping triggered.

Classification report
              precision    recall  f1-score   support

        Real     0.9512    0.7529    0.8405      3570
        Fake     0.2304    0.6567    0.3411       402

    accuracy                         0.7432      3972
   macro avg     0.5908    0.7048    0.5908      3972
weighted avg     0.8782    0.7432    0.7900      3972

Confusion matrix (rows true, cols pred):
 [[2688  882]
 [ 138  264]]

Final Test ROC‑AUC: 0.7577